Flow report for lab7_jb
Mon Dec 01 16:37:55 2014
Quartus II 32-bit Version 12.0 Build 178 05/31/2012 SJ Web Edition


---------------------
; Table of Contents ;
---------------------
  1. Legal Notice
  2. Flow Summary
  3. Flow Settings
  4. Flow Non-Default Global Settings
  5. Flow Elapsed Time
  6. Flow OS Summary
  7. Flow Log



----------------
; Legal Notice ;
----------------
Copyright (C) 1991-2012 Altera Corporation
Your use of Altera Corporation's design tools, logic functions 
and other software and tools, and its AMPP partner logic 
functions, and any output files from any of the foregoing 
(including device programming or simulation files), and any 
associated documentation or information are expressly subject 
to the terms and conditions of the Altera Program License 
Subscription Agreement, Altera MegaCore Function License 
Agreement, or other applicable license agreement, including, 
without limitation, that your use is for the sole purpose of 
programming logic devices manufactured by Altera and sold by 
Altera or its authorized distributors.  Please refer to the 
applicable agreement for further details.



+-------------------------------------------------------------------------------+
; Flow Summary                                                                  ;
+------------------------------------+------------------------------------------+
; Flow Status                        ; Successful - Mon Dec 01 16:37:55 2014    ;
; Quartus II 32-bit Version          ; 12.0 Build 178 05/31/2012 SJ Web Edition ;
; Revision Name                      ; lab7_jb                                  ;
; Top-level Entity Name              ; pokemonBattle                            ;
; Family                             ; Cyclone III                              ;
; Device                             ; EP3C5E144C8                              ;
; Timing Models                      ; Final                                    ;
; Total logic elements               ; 386 / 5,136 ( 8 % )                      ;
;     Total combinational functions  ; 301 / 5,136 ( 6 % )                      ;
;     Dedicated logic registers      ; 216 / 5,136 ( 4 % )                      ;
; Total registers                    ; 216                                      ;
; Total pins                         ; 44 / 95 ( 46 % )                         ;
; Total virtual pins                 ; 0                                        ;
; Total memory bits                  ; 8,192 / 423,936 ( 2 % )                  ;
; Embedded Multiplier 9-bit elements ; 0 / 46 ( 0 % )                           ;
; Total PLLs                         ; 1 / 2 ( 50 % )                           ;
+------------------------------------+------------------------------------------+


+-----------------------------------------+
; Flow Settings                           ;
+-------------------+---------------------+
; Option            ; Setting             ;
+-------------------+---------------------+
; Start date & time ; 12/01/2014 16:37:15 ;
; Main task         ; Compilation         ;
; Revision Name     ; lab7_jb             ;
+-------------------+---------------------+


+------------------------------------------------------------------------------------------------------------------------------+
; Flow Non-Default Global Settings                                                                                             ;
+-------------------------------------+---------------------------------------+---------------+---------------+----------------+
; Assignment Name                     ; Value                                 ; Default Value ; Entity Name   ; Section Id     ;
+-------------------------------------+---------------------------------------+---------------+---------------+----------------+
; COMPILER_SIGNATURE_ID               ; 8796749121345.141748063510128         ; --            ; --            ; --             ;
; EDA_OUTPUT_DATA_FORMAT              ; Systemverilog Hdl                     ; --            ; --            ; eda_simulation ;
; EDA_SIMULATION_TOOL                 ; ModelSim-Altera (SystemVerilog)       ; <None>        ; --            ; --             ;
; IP_TOOL_NAME                        ; ALTPLL                                ; --            ; --            ; --             ;
; IP_TOOL_NAME                        ; Serial Flash Loader                   ; --            ; --            ; --             ;
; IP_TOOL_VERSION                     ; 12.0                                  ; --            ; --            ; --             ;
; IP_TOOL_VERSION                     ; 12.0                                  ; --            ; --            ; --             ;
; MAX_CORE_JUNCTION_TEMP              ; 85                                    ; --            ; --            ; --             ;
; MIN_CORE_JUNCTION_TEMP              ; 0                                     ; --            ; --            ; --             ;
; MISC_FILE                           ; pll_inst.v                            ; --            ; --            ; --             ;
; MISC_FILE                           ; pll_bb.v                              ; --            ; --            ; --             ;
; MISC_FILE                           ; pll.ppf                               ; --            ; --            ; --             ;
; MISC_FILE                           ; sfl.cmp                               ; --            ; --            ; --             ;
; OUTPUT_IO_TIMING_FAR_END_VMEAS      ; Half Signal Swing                     ; --            ; --            ; --             ;
; OUTPUT_IO_TIMING_FAR_END_VMEAS      ; Half Signal Swing                     ; --            ; --            ; --             ;
; OUTPUT_IO_TIMING_NEAR_END_VMEAS     ; Half Vccio                            ; --            ; --            ; --             ;
; OUTPUT_IO_TIMING_NEAR_END_VMEAS     ; Half Vccio                            ; --            ; --            ; --             ;
; PARTITION_COLOR                     ; 16764057                              ; --            ; pokemonBattle ; Top            ;
; PARTITION_FITTER_PRESERVATION_LEVEL ; PLACEMENT_AND_ROUTING                 ; --            ; pokemonBattle ; Top            ;
; PARTITION_NETLIST_TYPE              ; SOURCE                                ; --            ; pokemonBattle ; Top            ;
; POWER_BOARD_THERMAL_MODEL           ; None (CONSERVATIVE)                   ; --            ; --            ; --             ;
; POWER_PRESET_COOLING_SOLUTION       ; 23 MM HEAT SINK WITH 200 LFPM AIRFLOW ; --            ; --            ; --             ;
; TOP_LEVEL_ENTITY                    ; pokemonBattle                         ; lab7_jb       ; --            ; --             ;
+-------------------------------------+---------------------------------------+---------------+---------------+----------------+


+-------------------------------------------------------------------------------------------------------------------------------+
; Flow Elapsed Time                                                                                                             ;
+---------------------------+--------------+-------------------------+---------------------+------------------------------------+
; Module Name               ; Elapsed Time ; Average Processors Used ; Peak Virtual Memory ; Total CPU Time (on all processors) ;
+---------------------------+--------------+-------------------------+---------------------+------------------------------------+
; Analysis & Synthesis      ; 00:00:07     ; 1.0                     ; 343 MB              ; 00:00:04                           ;
; Fitter                    ; 00:00:16     ; 1.0                     ; 411 MB              ; 00:00:11                           ;
; Assembler                 ; 00:00:04     ; 1.0                     ; 301 MB              ; 00:00:01                           ;
; TimeQuest Timing Analyzer ; 00:00:11     ; 1.0                     ; 316 MB              ; 00:00:04                           ;
; EDA Netlist Writer        ; 00:00:02     ; 1.0                     ; 268 MB              ; 00:00:02                           ;
; Total                     ; 00:00:40     ; --                      ; --                  ; 00:00:22                           ;
+---------------------------+--------------+-------------------------+---------------------+------------------------------------+


+----------------------------------------------------------------------------------------+
; Flow OS Summary                                                                        ;
+---------------------------+------------------+-----------+------------+----------------+
; Module Name               ; Machine Hostname ; OS Name   ; OS Version ; Processor type ;
+---------------------------+------------------+-----------+------------+----------------+
; Analysis & Synthesis      ; jbai-PC          ; Windows 7 ; 6.1        ; x86_64         ;
; Fitter                    ; jbai-PC          ; Windows 7 ; 6.1        ; x86_64         ;
; Assembler                 ; jbai-PC          ; Windows 7 ; 6.1        ; x86_64         ;
; TimeQuest Timing Analyzer ; jbai-PC          ; Windows 7 ; 6.1        ; x86_64         ;
; EDA Netlist Writer        ; jbai-PC          ; Windows 7 ; 6.1        ; x86_64         ;
+---------------------------+------------------+-----------+------------+----------------+


------------
; Flow Log ;
------------
quartus_map --read_settings_files=on --write_settings_files=off lab7_jb -c lab7_jb
quartus_fit --read_settings_files=off --write_settings_files=off lab7_jb -c lab7_jb
quartus_asm --read_settings_files=off --write_settings_files=off lab7_jb -c lab7_jb
quartus_sta lab7_jb -c lab7_jb
quartus_eda --read_settings_files=off --write_settings_files=off lab7_jb -c lab7_jb



